build/app/intermediates/manifest_merge_blame_file/debug/processDebugMainManifest/manifest-merger-blame-debug-report.txt
1<?xml version="1.0" encoding="utf-8"?>
2<manifest xmlns:android="http://schemas.android.com/apk/res/android"
3    package="com.example.carpooling"
4    android:versionCode="1"
5    android:versionName="1.0.0" >
6
7    <uses-sdk
8        android:minSdkVersion="23"
9        android:targetSdkVersion="35" />
10    <!--
11         The INTERNET permission is required for development. Specifically,
12         the Flutter tool needs it to communicate with the running application
13         to allow setting breakpoints, to provide hot reload, etc.
14    -->
15    <uses-permission android:name="android.permission.INTERNET" />
15-->src\debug\AndroidManifest.xml:6:5-66
15-->src\debug\AndroidManifest.xml:6:22-64
16    <!--
17     Required to query activities that can process text, see:
18         https://developer.android.com/training/package-visibility and
19         https://developer.android.com/reference/android/content/Intent#ACTION_PROCESS_TEXT.
20
21         In particular, this is used by the Flutter engine in io.flutter.plugin.text.ProcessTextPlugin.
22    -->
23    <queries>
23-->src\main\AndroidManifest.xml:39:5-44:15
24        <intent>
24-->src\main\AndroidManifest.xml:40:9-43:18
25            <action android:name="android.intent.action.PROCESS_TEXT" />
25-->src\main\AndroidManifest.xml:41:13-72
25-->src\main\AndroidManifest.xml:41:21-70
26
27            <data android:mimeType="text/plain" />
27-->src\main\AndroidManifest.xml:42:13-50
27-->src\main\AndroidManifest.xml:42:19-48
28        </intent>
29    </queries> <!-- Although the *SdkVersion is captured in gradle build files, this is required for non gradle builds -->
30    <!-- <uses-sdk android:minSdkVersion="21" /> -->
31    <uses-permission android:name="android.permission.ACCESS_NETWORK_STATE" />
31-->[com.google.firebase:firebase-firestore:25.1.1] AndroidManifest.xml:10:5-79
31-->[com.google.firebase:firebase-firestore:25.1.1] AndroidManifest.xml:10:22-76
32    <uses-permission android:name="com.google.android.providers.gsf.permission.READ_GSERVICES" />
32-->[com.google.android.recaptcha:recaptcha:18.5.1] AndroidManifest.xml:9:5-98
32-->[com.google.android.recaptcha:recaptcha:18.5.1] AndroidManifest.xml:9:22-95
33
34    <permission
34-->[androidx.core:core:1.13.1] AndroidManifest.xml:22:5-24:47
35        android:name="com.example.carpooling.DYNAMIC_RECEIVER_NOT_EXPORTED_PERMISSION"
35-->[androidx.core:core:1.13.1] AndroidManifest.xml:23:9-81
36        android:protectionLevel="signature" />
36-->[androidx.core:core:1.13.1] AndroidManifest.xml:24:9-44
37
38    <uses-permission android:name="com.example.carpooling.DYNAMIC_RECEIVER_NOT_EXPORTED_PERMISSION" />
38-->[androidx.core:core:1.13.1] AndroidManifest.xml:26:5-97
38-->[androidx.core:core:1.13.1] AndroidManifest.xml:26:22-94
39
40    <application
41        android:name="android.app.Application"
42        android:appComponentFactory="androidx.core.app.CoreComponentFactory"
42-->[androidx.core:core:1.13.1] AndroidManifest.xml:28:18-86
43        android:debuggable="true"
44        android:extractNativeLibs="false"
45        android:icon="@mipmap/ic_launcher"
46        android:label="carpooling" >
47        <activity
48            android:name="com.example.carpooling.MainActivity"
49            android:configChanges="orientation|keyboardHidden|keyboard|screenSize|smallestScreenSize|locale|layoutDirection|fontScale|screenLayout|density|uiMode"
50            android:exported="true"
51            android:hardwareAccelerated="true"
52            android:launchMode="singleTop"
53            android:taskAffinity=""
54            android:theme="@style/LaunchTheme"
55            android:windowSoftInputMode="adjustResize" >
56
57            <!--
58                 Specifies an Android theme to apply to this Activity as soon as
59                 the Android process has started. This theme is visible to the user
60                 while the Flutter UI initializes. After that, this theme continues
61                 to determine the Window background behind the Flutter UI.
62            -->
63            <meta-data
64                android:name="io.flutter.embedding.android.NormalTheme"
65                android:resource="@style/NormalTheme" />
66
67            <intent-filter>
68                <action android:name="android.intent.action.MAIN" />
69
70                <category android:name="android.intent.category.LAUNCHER" />
71            </intent-filter>
72        </activity>
73        <!--
74             Don't delete the meta-data below.
75             This is used by the Flutter tool to generate GeneratedPluginRegistrant.java
76        -->
77        <meta-data
78            android:name="flutterEmbedding"
79            android:value="2" />
80
81        <service
81-->[:cloud_firestore] AndroidManifest.xml:8:9-12:19
82            android:name="com.google.firebase.components.ComponentDiscoveryService"
82-->[:cloud_firestore] AndroidManifest.xml:8:18-89
83            android:directBootAware="true"
83-->[com.google.firebase:firebase-common:21.0.0] AndroidManifest.xml:32:13-43
84            android:exported="false" >
84-->[com.google.firebase:firebase-firestore:25.1.1] AndroidManifest.xml:16:13-37
85            <meta-data
85-->[:cloud_firestore] AndroidManifest.xml:9:13-11:85
86                android:name="com.google.firebase.components:io.flutter.plugins.firebase.firestore.FlutterFirebaseFirestoreRegistrar"
86-->[:cloud_firestore] AndroidManifest.xml:10:17-134
87                android:value="com.google.firebase.components.ComponentRegistrar" />
87-->[:cloud_firestore] AndroidManifest.xml:11:17-82
88            <meta-data
88-->[:firebase_auth] AndroidManifest.xml:9:13-11:85
89                android:name="com.google.firebase.components:io.flutter.plugins.firebase.auth.FlutterFirebaseAuthRegistrar"
89-->[:firebase_auth] AndroidManifest.xml:10:17-124
90                android:value="com.google.firebase.components.ComponentRegistrar" />
90-->[:firebase_auth] AndroidManifest.xml:11:17-82
91            <meta-data
91-->[:firebase_database] AndroidManifest.xml:9:13-11:85
92                android:name="com.google.firebase.components:io.flutter.plugins.firebase.database.FlutterFirebaseAppRegistrar"
92-->[:firebase_database] AndroidManifest.xml:10:17-127
93                android:value="com.google.firebase.components.ComponentRegistrar" />
93-->[:firebase_database] AndroidManifest.xml:11:17-82
94            <meta-data
94-->[:firebase_storage] AndroidManifest.xml:9:13-11:85
95                android:name="com.google.firebase.components:io.flutter.plugins.firebase.storage.FlutterFirebaseAppRegistrar"
95-->[:firebase_storage] AndroidManifest.xml:10:17-126
96                android:value="com.google.firebase.components.ComponentRegistrar" />
96-->[:firebase_storage] AndroidManifest.xml:11:17-82
97            <meta-data
97-->[:firebase_core] AndroidManifest.xml:9:13-11:85
98                android:name="com.google.firebase.components:io.flutter.plugins.firebase.core.FlutterFirebaseCoreRegistrar"
98-->[:firebase_core] AndroidManifest.xml:10:17-124
99                android:value="com.google.firebase.components.ComponentRegistrar" />
99-->[:firebase_core] AndroidManifest.xml:11:17-82
100            <meta-data
100-->[com.google.firebase:firebase-firestore:25.1.1] AndroidManifest.xml:17:13-19:85
101                android:name="com.google.firebase.components:com.google.firebase.firestore.FirebaseFirestoreKtxRegistrar"
101-->[com.google.firebase:firebase-firestore:25.1.1] AndroidManifest.xml:18:17-122
102                android:value="com.google.firebase.components.ComponentRegistrar" />
102-->[com.google.firebase:firebase-firestore:25.1.1] AndroidManifest.xml:19:17-82
103            <meta-data
103-->[com.google.firebase:firebase-firestore:25.1.1] AndroidManifest.xml:20:13-22:85
104                android:name="com.google.firebase.components:com.google.firebase.firestore.FirestoreRegistrar"
104-->[com.google.firebase:firebase-firestore:25.1.1] AndroidManifest.xml:21:17-111
105                android:value="com.google.firebase.components.ComponentRegistrar" />
105-->[com.google.firebase:firebase-firestore:25.1.1] AndroidManifest.xml:22:17-82
106            <meta-data
106-->[com.google.firebase:firebase-database:21.0.0] AndroidManifest.xml:29:13-31:85
107                android:name="com.google.firebase.components:com.google.firebase.database.FirebaseDatabaseKtxRegistrar"
107-->[com.google.firebase:firebase-database:21.0.0] AndroidManifest.xml:30:17-120
108                android:value="com.google.firebase.components.ComponentRegistrar" />
108-->[com.google.firebase:firebase-database:21.0.0] AndroidManifest.xml:31:17-82
109            <meta-data
109-->[com.google.firebase:firebase-database:21.0.0] AndroidManifest.xml:32:13-34:85
110                android:name="com.google.firebase.components:com.google.firebase.database.DatabaseRegistrar"
110-->[com.google.firebase:firebase-database:21.0.0] AndroidManifest.xml:33:17-109
111                android:value="com.google.firebase.components.ComponentRegistrar" />
111-->[com.google.firebase:firebase-database:21.0.0] AndroidManifest.xml:34:17-82
112            <meta-data
112-->[com.google.firebase:firebase-storage:21.0.1] AndroidManifest.xml:30:13-32:85
113                android:name="com.google.firebase.components:com.google.firebase.storage.FirebaseStorageKtxRegistrar"
113-->[com.google.firebase:firebase-storage:21.0.1] AndroidManifest.xml:31:17-118
114                android:value="com.google.firebase.components.ComponentRegistrar" />
114-->[com.google.firebase:firebase-storage:21.0.1] AndroidManifest.xml:32:17-82
115            <meta-data
115-->[com.google.firebase:firebase-storage:21.0.1] AndroidManifest.xml:33:13-35:85
116                android:name="com.google.firebase.components:com.google.firebase.storage.StorageRegistrar"
116-->[com.google.firebase:firebase-storage:21.0.1] AndroidManifest.xml:34:17-107
117                android:value="com.google.firebase.components.ComponentRegistrar" />
117-->[com.google.firebase:firebase-storage:21.0.1] AndroidManifest.xml:35:17-82
118            <meta-data
118-->[com.google.firebase:firebase-appcheck:18.0.0] AndroidManifest.xml:25:13-27:85
119                android:name="com.google.firebase.components:com.google.firebase.appcheck.FirebaseAppCheckKtxRegistrar"
119-->[com.google.firebase:firebase-appcheck:18.0.0] AndroidManifest.xml:26:17-120
120                android:value="com.google.firebase.components.ComponentRegistrar" />
120-->[com.google.firebase:firebase-appcheck:18.0.0] AndroidManifest.xml:27:17-82
121            <meta-data
121-->[com.google.firebase:firebase-appcheck:18.0.0] AndroidManifest.xml:28:13-30:85
122                android:name="com.google.firebase.components:com.google.firebase.appcheck.FirebaseAppCheckRegistrar"
122-->[com.google.firebase:firebase-appcheck:18.0.0] AndroidManifest.xml:29:17-117
123                android:value="com.google.firebase.components.ComponentRegistrar" />
123-->[com.google.firebase:firebase-appcheck:18.0.0] AndroidManifest.xml:30:17-82
124            <meta-data
124-->[com.google.firebase:firebase-common-ktx:21.0.0] AndroidManifest.xml:12:13-14:85
125                android:name="com.google.firebase.components:com.google.firebase.ktx.FirebaseCommonLegacyRegistrar"
125-->[com.google.firebase:firebase-common-ktx:21.0.0] AndroidManifest.xml:13:17-116
126                android:value="com.google.firebase.components.ComponentRegistrar" />
126-->[com.google.firebase:firebase-common-ktx:21.0.0] AndroidManifest.xml:14:17-82
127            <meta-data
127-->[com.google.firebase:firebase-auth:23.1.0] AndroidManifest.xml:69:13-71:85
128                android:name="com.google.firebase.components:com.google.firebase.auth.FirebaseAuthRegistrar"
128-->[com.google.firebase:firebase-auth:23.1.0] AndroidManifest.xml:70:17-109
129                android:value="com.google.firebase.components.ComponentRegistrar" />
129-->[com.google.firebase:firebase-auth:23.1.0] AndroidManifest.xml:71:17-82
130            <meta-data
130-->[com.google.firebase:firebase-common:21.0.0] AndroidManifest.xml:35:13-37:85
131                android:name="com.google.firebase.components:com.google.firebase.FirebaseCommonKtxRegistrar"
131-->[com.google.firebase:firebase-common:21.0.0] AndroidManifest.xml:36:17-109
132                android:value="com.google.firebase.components.ComponentRegistrar" />
132-->[com.google.firebase:firebase-common:21.0.0] AndroidManifest.xml:37:17-82
133        </service>
134
135        <provider
135-->[:image_picker_android] AndroidManifest.xml:9:9-17:20
136            android:name="io.flutter.plugins.imagepicker.ImagePickerFileProvider"
136-->[:image_picker_android] AndroidManifest.xml:10:13-82
137            android:authorities="com.example.carpooling.flutter.image_provider"
137-->[:image_picker_android] AndroidManifest.xml:11:13-74
138            android:exported="false"
138-->[:image_picker_android] AndroidManifest.xml:12:13-37
139            android:grantUriPermissions="true" >
139-->[:image_picker_android] AndroidManifest.xml:13:13-47
140            <meta-data
140-->[:image_picker_android] AndroidManifest.xml:14:13-16:75
141                android:name="android.support.FILE_PROVIDER_PATHS"
141-->[:image_picker_android] AndroidManifest.xml:15:17-67
142                android:resource="@xml/flutter_image_picker_file_paths" />
142-->[:image_picker_android] AndroidManifest.xml:16:17-72
143        </provider> <!-- Trigger Google Play services to install the backported photo picker module. -->
144        <service
144-->[:image_picker_android] AndroidManifest.xml:19:9-31:19
145            android:name="com.google.android.gms.metadata.ModuleDependencies"
145-->[:image_picker_android] AndroidManifest.xml:20:13-78
146            android:enabled="false"
146-->[:image_picker_android] AndroidManifest.xml:21:13-36
147            android:exported="false" >
147-->[:image_picker_android] AndroidManifest.xml:22:13-37
148            <intent-filter>
148-->[:image_picker_android] AndroidManifest.xml:24:13-26:29
149                <action android:name="com.google.android.gms.metadata.MODULE_DEPENDENCIES" />
149-->[:image_picker_android] AndroidManifest.xml:25:17-94
149-->[:image_picker_android] AndroidManifest.xml:25:25-91
150            </intent-filter>
151
152            <meta-data
152-->[:image_picker_android] AndroidManifest.xml:28:13-30:36
153                android:name="photopicker_activity:0:required"
153-->[:image_picker_android] AndroidManifest.xml:29:17-63
154                android:value="" />
154-->[:image_picker_android] AndroidManifest.xml:30:17-33
155        </service>
156
157        <activity
157-->[com.google.firebase:firebase-auth:23.1.0] AndroidManifest.xml:29:9-46:20
158            android:name="com.google.firebase.auth.internal.GenericIdpActivity"
158-->[com.google.firebase:firebase-auth:23.1.0] AndroidManifest.xml:30:13-80
159            android:excludeFromRecents="true"
159-->[com.google.firebase:firebase-auth:23.1.0] AndroidManifest.xml:31:13-46
160            android:exported="true"
160-->[com.google.firebase:firebase-auth:23.1.0] AndroidManifest.xml:32:13-36
161            android:launchMode="singleTask"
161-->[com.google.firebase:firebase-auth:23.1.0] AndroidManifest.xml:33:13-44
162            android:theme="@android:style/Theme.Translucent.NoTitleBar" >
162-->[com.google.firebase:firebase-auth:23.1.0] AndroidManifest.xml:34:13-72
163            <intent-filter>
163-->[com.google.firebase:firebase-auth:23.1.0] AndroidManifest.xml:35:13-45:29
164                <action android:name="android.intent.action.VIEW" />
164-->[com.google.firebase:firebase-auth:23.1.0] AndroidManifest.xml:36:17-69
164-->[com.google.firebase:firebase-auth:23.1.0] AndroidManifest.xml:36:25-66
165
166                <category android:name="android.intent.category.DEFAULT" />
166-->[com.google.firebase:firebase-auth:23.1.0] AndroidManifest.xml:38:17-76
166-->[com.google.firebase:firebase-auth:23.1.0] AndroidManifest.xml:38:27-73
167                <category android:name="android.intent.category.BROWSABLE" />
167-->[com.google.firebase:firebase-auth:23.1.0] AndroidManifest.xml:39:17-78
167-->[com.google.firebase:firebase-auth:23.1.0] AndroidManifest.xml:39:27-75
168
169                <data
169-->src\main\AndroidManifest.xml:42:13-50
170                    android:host="firebase.auth"
171                    android:path="/"
172                    android:scheme="genericidp" />
173            </intent-filter>
174        </activity>
175        <activity
175-->[com.google.firebase:firebase-auth:23.1.0] AndroidManifest.xml:47:9-64:20
176            android:name="com.google.firebase.auth.internal.RecaptchaActivity"
176-->[com.google.firebase:firebase-auth:23.1.0] AndroidManifest.xml:48:13-79
177            android:excludeFromRecents="true"
177-->[com.google.firebase:firebase-auth:23.1.0] AndroidManifest.xml:49:13-46
178            android:exported="true"
178-->[com.google.firebase:firebase-auth:23.1.0] AndroidManifest.xml:50:13-36
179            android:launchMode="singleTask"
179-->[com.google.firebase:firebase-auth:23.1.0] AndroidManifest.xml:51:13-44
180            android:theme="@android:style/Theme.Translucent.NoTitleBar" >
180-->[com.google.firebase:firebase-auth:23.1.0] AndroidManifest.xml:52:13-72
181            <intent-filter>
181-->[com.google.firebase:firebase-auth:23.1.0] AndroidManifest.xml:53:13-63:29
182                <action android:name="android.intent.action.VIEW" />
182-->[com.google.firebase:firebase-auth:23.1.0] AndroidManifest.xml:36:17-69
182-->[com.google.firebase:firebase-auth:23.1.0] AndroidManifest.xml:36:25-66
183
184                <category android:name="android.intent.category.DEFAULT" />
184-->[com.google.firebase:firebase-auth:23.1.0] AndroidManifest.xml:38:17-76
184-->[com.google.firebase:firebase-auth:23.1.0] AndroidManifest.xml:38:27-73
185                <category android:name="android.intent.category.BROWSABLE" />
185-->[com.google.firebase:firebase-auth:23.1.0] AndroidManifest.xml:39:17-78
185-->[com.google.firebase:firebase-auth:23.1.0] AndroidManifest.xml:39:27-75
186
187                <data
187-->src\main\AndroidManifest.xml:42:13-50
188                    android:host="firebase.auth"
189                    android:path="/"
190                    android:scheme="recaptcha" />
191            </intent-filter>
192        </activity>
193
194        <service
194-->[androidx.credentials:credentials-play-services-auth:1.2.0-rc01] AndroidManifest.xml:24:9-32:19
195            android:name="androidx.credentials.playservices.CredentialProviderMetadataHolder"
195-->[androidx.credentials:credentials-play-services-auth:1.2.0-rc01] AndroidManifest.xml:25:13-94
196            android:enabled="true"
196-->[androidx.credentials:credentials-play-services-auth:1.2.0-rc01] AndroidManifest.xml:26:13-35
197            android:exported="false" >
197-->[androidx.credentials:credentials-play-services-auth:1.2.0-rc01] AndroidManifest.xml:27:13-37
198            <meta-data
198-->[androidx.credentials:credentials-play-services-auth:1.2.0-rc01] AndroidManifest.xml:29:13-31:104
199                android:name="androidx.credentials.CREDENTIAL_PROVIDER_KEY"
199-->[androidx.credentials:credentials-play-services-auth:1.2.0-rc01] AndroidManifest.xml:30:17-76
200                android:value="androidx.credentials.playservices.CredentialProviderPlayServicesImpl" />
200-->[androidx.credentials:credentials-play-services-auth:1.2.0-rc01] AndroidManifest.xml:31:17-101
201        </service>
202
203        <activity
203-->[androidx.credentials:credentials-play-services-auth:1.2.0-rc01] AndroidManifest.xml:34:9-41:20
204            android:name="androidx.credentials.playservices.HiddenActivity"
204-->[androidx.credentials:credentials-play-services-auth:1.2.0-rc01] AndroidManifest.xml:35:13-76
205            android:configChanges="orientation|screenSize|screenLayout|keyboardHidden"
205-->[androidx.credentials:credentials-play-services-auth:1.2.0-rc01] AndroidManifest.xml:36:13-87
206            android:enabled="true"
206-->[androidx.credentials:credentials-play-services-auth:1.2.0-rc01] AndroidManifest.xml:37:13-35
207            android:exported="false"
207-->[androidx.credentials:credentials-play-services-auth:1.2.0-rc01] AndroidManifest.xml:38:13-37
208            android:fitsSystemWindows="true"
208-->[androidx.credentials:credentials-play-services-auth:1.2.0-rc01] AndroidManifest.xml:39:13-45
209            android:theme="@style/Theme.Hidden" >
209-->[androidx.credentials:credentials-play-services-auth:1.2.0-rc01] AndroidManifest.xml:40:13-48
210        </activity>
211        <activity
211-->[com.google.android.gms:play-services-auth:20.7.0] AndroidManifest.xml:23:9-27:75
212            android:name="com.google.android.gms.auth.api.signin.internal.SignInHubActivity"
212-->[com.google.android.gms:play-services-auth:20.7.0] AndroidManifest.xml:24:13-93
213            android:excludeFromRecents="true"
213-->[com.google.android.gms:play-services-auth:20.7.0] AndroidManifest.xml:25:13-46
214            android:exported="false"
214-->[com.google.android.gms:play-services-auth:20.7.0] AndroidManifest.xml:26:13-37
215            android:theme="@android:style/Theme.Translucent.NoTitleBar" />
215-->[com.google.android.gms:play-services-auth:20.7.0] AndroidManifest.xml:27:13-72
216        <!--
217            Service handling Google Sign-In user revocation. For apps that do not integrate with
218            Google Sign-In, this service will never be started.
219        -->
220        <service
220-->[com.google.android.gms:play-services-auth:20.7.0] AndroidManifest.xml:33:9-37:51
221            android:name="com.google.android.gms.auth.api.signin.RevocationBoundService"
221-->[com.google.android.gms:play-services-auth:20.7.0] AndroidManifest.xml:34:13-89
222            android:exported="true"
222-->[com.google.android.gms:play-services-auth:20.7.0] AndroidManifest.xml:35:13-36
223            android:permission="com.google.android.gms.auth.api.signin.permission.REVOCATION_NOTIFICATION"
223-->[com.google.android.gms:play-services-auth:20.7.0] AndroidManifest.xml:36:13-107
224            android:visibleToInstantApps="true" />
224-->[com.google.android.gms:play-services-auth:20.7.0] AndroidManifest.xml:37:13-48
225
226        <provider
226-->[com.google.firebase:firebase-common:21.0.0] AndroidManifest.xml:23:9-28:39
227            android:name="com.google.firebase.provider.FirebaseInitProvider"
227-->[com.google.firebase:firebase-common:21.0.0] AndroidManifest.xml:24:13-77
228            android:authorities="com.example.carpooling.firebaseinitprovider"
228-->[com.google.firebase:firebase-common:21.0.0] AndroidManifest.xml:25:13-72
229            android:directBootAware="true"
229-->[com.google.firebase:firebase-common:21.0.0] AndroidManifest.xml:26:13-43
230            android:exported="false"
230-->[com.google.firebase:firebase-common:21.0.0] AndroidManifest.xml:27:13-37
231            android:initOrder="100" />
231-->[com.google.firebase:firebase-common:21.0.0] AndroidManifest.xml:28:13-36
232
233        <uses-library
233-->[androidx.window:window:1.2.0] AndroidManifest.xml:23:9-25:40
234            android:name="androidx.window.extensions"
234-->[androidx.window:window:1.2.0] AndroidManifest.xml:24:13-54
235            android:required="false" />
235-->[androidx.window:window:1.2.0] AndroidManifest.xml:25:13-37
236        <uses-library
236-->[androidx.window:window:1.2.0] AndroidManifest.xml:26:9-28:40
237            android:name="androidx.window.sidecar"
237-->[androidx.window:window:1.2.0] AndroidManifest.xml:27:13-51
238            android:required="false" />
238-->[androidx.window:window:1.2.0] AndroidManifest.xml:28:13-37
239
240        <activity
240-->[com.google.android.gms:play-services-base:18.1.0] AndroidManifest.xml:20:9-22:45
241            android:name="com.google.android.gms.common.api.GoogleApiActivity"
241-->[com.google.android.gms:play-services-base:18.1.0] AndroidManifest.xml:20:19-85
242            android:exported="false"
242-->[com.google.android.gms:play-services-base:18.1.0] AndroidManifest.xml:22:19-43
243            android:theme="@android:style/Theme.Translucent.NoTitleBar" />
243-->[com.google.android.gms:play-services-base:18.1.0] AndroidManifest.xml:21:19-78
244
245        <meta-data
245-->[com.google.android.gms:play-services-basement:18.4.0] AndroidManifest.xml:6:9-122
246            android:name="com.google.android.gms.version"
246-->[com.google.android.gms:play-services-basement:18.4.0] AndroidManifest.xml:6:20-65
247            android:value="@integer/google_play_services_version" />
247-->[com.google.android.gms:play-services-basement:18.4.0] AndroidManifest.xml:6:66-119
248
249        <provider
249-->[androidx.lifecycle:lifecycle-process:2.7.0] AndroidManifest.xml:24:9-32:20
250            android:name="androidx.startup.InitializationProvider"
250-->[androidx.lifecycle:lifecycle-process:2.7.0] AndroidManifest.xml:25:13-67
251            android:authorities="com.example.carpooling.androidx-startup"
251-->[androidx.lifecycle:lifecycle-process:2.7.0] AndroidManifest.xml:26:13-68
252            android:exported="false" >
252-->[androidx.lifecycle:lifecycle-process:2.7.0] AndroidManifest.xml:27:13-37
253            <meta-data
253-->[androidx.lifecycle:lifecycle-process:2.7.0] AndroidManifest.xml:29:13-31:52
254                android:name="androidx.lifecycle.ProcessLifecycleInitializer"
254-->[androidx.lifecycle:lifecycle-process:2.7.0] AndroidManifest.xml:30:17-78
255                android:value="androidx.startup" />
255-->[androidx.lifecycle:lifecycle-process:2.7.0] AndroidManifest.xml:31:17-49
256            <meta-data
256-->[androidx.profileinstaller:profileinstaller:1.3.1] AndroidManifest.xml:29:13-31:52
257                android:name="androidx.profileinstaller.ProfileInstallerInitializer"
257-->[androidx.profileinstaller:profileinstaller:1.3.1] AndroidManifest.xml:30:17-85
258                android:value="androidx.startup" />
258-->[androidx.profileinstaller:profileinstaller:1.3.1] AndroidManifest.xml:31:17-49
259        </provider>
260
261        <receiver
261-->[androidx.profileinstaller:profileinstaller:1.3.1] AndroidManifest.xml:34:9-52:20
262            android:name="androidx.profileinstaller.ProfileInstallReceiver"
262-->[androidx.profileinstaller:profileinstaller:1.3.1] AndroidManifest.xml:35:13-76
263            android:directBootAware="false"
263-->[androidx.profileinstaller:profileinstaller:1.3.1] AndroidManifest.xml:36:13-44
264            android:enabled="true"
264-->[androidx.profileinstaller:profileinstaller:1.3.1] AndroidManifest.xml:37:13-35
265            android:exported="true"
265-->[androidx.profileinstaller:profileinstaller:1.3.1] AndroidManifest.xml:38:13-36
266            android:permission="android.permission.DUMP" >
266-->[androidx.profileinstaller:profileinstaller:1.3.1] AndroidManifest.xml:39:13-57
267            <intent-filter>
267-->[androidx.profileinstaller:profileinstaller:1.3.1] AndroidManifest.xml:40:13-42:29
268                <action android:name="androidx.profileinstaller.action.INSTALL_PROFILE" />
268-->[androidx.profileinstaller:profileinstaller:1.3.1] AndroidManifest.xml:41:17-91
268-->[androidx.profileinstaller:profileinstaller:1.3.1] AndroidManifest.xml:41:25-88
269            </intent-filter>
270            <intent-filter>
270-->[androidx.profileinstaller:profileinstaller:1.3.1] AndroidManifest.xml:43:13-45:29
271                <action android:name="androidx.profileinstaller.action.SKIP_FILE" />
271-->[androidx.profileinstaller:profileinstaller:1.3.1] AndroidManifest.xml:44:17-85
271-->[androidx.profileinstaller:profileinstaller:1.3.1] AndroidManifest.xml:44:25-82
272            </intent-filter>
273            <intent-filter>
273-->[androidx.profileinstaller:profileinstaller:1.3.1] AndroidManifest.xml:46:13-48:29
274                <action android:name="androidx.profileinstaller.action.SAVE_PROFILE" />
274-->[androidx.profileinstaller:profileinstaller:1.3.1] AndroidManifest.xml:47:17-88
274-->[androidx.profileinstaller:profileinstaller:1.3.1] AndroidManifest.xml:47:25-85
275            </intent-filter>
276            <intent-filter>
276-->[androidx.profileinstaller:profileinstaller:1.3.1] AndroidManifest.xml:49:13-51:29
277                <action android:name="androidx.profileinstaller.action.BENCHMARK_OPERATION" />
277-->[androidx.profileinstaller:profileinstaller:1.3.1] AndroidManifest.xml:50:17-95
277-->[androidx.profileinstaller:profileinstaller:1.3.1] AndroidManifest.xml:50:25-92
278            </intent-filter>
279        </receiver> <!-- The activities will be merged into the manifest of the hosting app. -->
280        <activity
280-->[com.google.android.play:core-common:2.0.3] AndroidManifest.xml:14:9-18:65
281            android:name="com.google.android.play.core.common.PlayCoreDialogWrapperActivity"
281-->[com.google.android.play:core-common:2.0.3] AndroidManifest.xml:15:13-93
282            android:exported="false"
282-->[com.google.android.play:core-common:2.0.3] AndroidManifest.xml:16:13-37
283            android:stateNotNeeded="true"
283-->[com.google.android.play:core-common:2.0.3] AndroidManifest.xml:17:13-42
284            android:theme="@style/Theme.PlayCore.Transparent" />
284-->[com.google.android.play:core-common:2.0.3] AndroidManifest.xml:18:13-62
285    </application>
286
287</manifest>